<?xml version="1.0" encoding="UTF-8"?>
<!-- Generated by org.testng.reporters.JUnitReportReporter -->
<testsuite hostname="APL-5CD5031LY7" failures="0" tests="2" name="com.example.demo.api.BalanceApiTest" time="3.470" errors="0" timestamp="2025-08-25T10:29:12 IST" skipped="0">
  <testcase classname="com.example.demo.api.BalanceApiTest" name="testGetBalanceWithInvalidAccount" time="0.055"/>
  <system-out/>
  <testcase classname="com.example.demo.api.BalanceApiTest" name="testGetBalance" time="3.415"/>
  <system-out/>
</testsuite> <!-- com.example.demo.api.BalanceApiTest -->
