<?xml version="1.0" encoding="UTF-8"?>
<!-- Generated by org.testng.reporters.JUnitReportReporter -->
<testsuite hostname="APL-5CD5031LY7" failures="0" tests="1" name="com.example.demo.utils.BasicTest" time="0.002" errors="0" timestamp="2025-08-25T10:29:12 IST" skipped="0">
  <testcase classname="com.example.demo.utils.BasicTest" name="testBasic" time="0.002"/>
  <system-out/>
</testsuite> <!-- com.example.demo.utils.BasicTest -->
