<?xml version="1.0" encoding="UTF-8"?>
<!-- Generated by org.testng.reporters.JUnitReportReporter -->
<testsuite hostname="APL-5CD5031LY7" failures="0" tests="2" name="com.example.demo.utils.SimpleTest" time="0.021" errors="0" timestamp="2025-08-25T10:29:12 IST" skipped="0">
  <testcase classname="com.example.demo.utils.SimpleTest" name="testSimpleString" time="0.001"/>
  <system-out/>
  <testcase classname="com.example.demo.utils.SimpleTest" name="testSimpleAddition" time="0.020"/>
  <system-out/>
</testsuite> <!-- com.example.demo.utils.SimpleTest -->
