<?xml version="1.0" encoding="UTF-8"?>
<!-- Generated by org.testng.reporters.JUnitReportReporter -->
<testsuite hostname="APL-5CD5031LY7" failures="0" tests="3" name="com.example.demo.utils.StandaloneTest" time="0.015" errors="0" timestamp="2025-08-25T10:11:26 IST" skipped="0">
  <testcase classname="com.example.demo.utils.StandaloneTest" name="testAddition" time="0.009"/>
  <system-out>
    <![CDATA[Running addition test: 2 + 2 = 4]]>
  </system-out>
  <testcase classname="com.example.demo.utils.StandaloneTest" name="testSubtraction" time="0.000"/>
  <system-out>
    <![CDATA[Running subtraction test: 5 - 3 = 2]]>
  </system-out>
  <testcase classname="com.example.demo.utils.StandaloneTest" name="testMultiplication" time="0.006"/>
  <system-out>
    <![CDATA[Running multiplication test: 3 * 4 = 12]]>
  </system-out>
</testsuite> <!-- com.example.demo.utils.StandaloneTest -->
